<?xml version="1.0" encoding="UTF-8"?>
<testsuite name="ru.netology.BonusCashTest" tests="2" skipped="0" failures="0" errors="0" timestamp="2023-03-15T10:05:27" hostname="DONBULKA" time="0.012">
  <properties/>
  <testcase name="showWorkCashback" classname="ru.netology.BonusCashTest" time="0.007"/>
  <testcase name="showWorkCashback2" classname="ru.netology.BonusCashTest" time="0.0"/>
  <system-out><![CDATA[]]></system-out>
  <system-err><![CDATA[]]></system-err>
</testsuite>
